--------------------------------------------------------------------------------
Release 14.7 Trace  (nt64)
Copyright (c) 1995-2013 Xilinx, Inc.  All rights reserved.

E:\Xilinx\14.7\ISE_DS\ISE\bin\nt64\unwrapped\trce.exe -intstyle ise -v 3 -s 2
-n 3 -fastpaths -xml main.twx main.ncd -o main.twr main.pcf -ucf
logipi_r1_0.ucf

Design file:              main.ncd
Physical constraint file: main.pcf
Device,package,speed:     xc6slx9,tqg144,C,-2 (PRODUCTION 1.23 2013-10-13)
Report level:             verbose report

Environment Variable      Effect 
--------------------      ------ 
NONE                      No environment variables were set
--------------------------------------------------------------------------------

INFO:Timing:3412 - To improve timing, see the Timing Closure User Guide (UG612).
INFO:Timing:2752 - To get complete path coverage, use the unconstrained paths 
   option. All paths that are not constrained will be reported in the 
   unconstrained paths section(s) of the report.
INFO:Timing:3339 - The clock-to-out numbers in this timing report are based on 
   a 50 Ohm transmission line loading model.  For the details of this model, 
   and for more information on accounting for different loading conditions, 
   please see the device datasheet.

================================================================================
Timing constraint: TS_PER_CLK50 = PERIOD TIMEGRP "clk50_grp" 20 ns HIGH 50%;
For more information, see Period Analysis in the Timing Closure User Guide (UG612).

 0 paths analyzed, 0 endpoints analyzed, 0 failing endpoints
 0 timing errors detected. (0 component switching limit errors)
 Minimum period is   5.000ns.
--------------------------------------------------------------------------------

Component Switching Limit Checks: TS_PER_CLK50 = PERIOD TIMEGRP "clk50_grp" 20 ns HIGH 50%;
--------------------------------------------------------------------------------
Slack: 15.000ns (period - (min low pulse limit / (low pulse / period)))
  Period: 20.000ns
  Low pulse: 10.000ns
  Low pulse limit: 2.500ns (Tdcmpw_CLKIN_50_100)
  Physical resource: clknetwork/pll_base_inst/PLL_ADV/CLKIN1
  Logical resource: clknetwork/pll_base_inst/PLL_ADV/CLKIN1
  Location pin: PLL_ADV_X0Y0.CLKIN1
  Clock network: clknetwork/pll_base_inst/PLL_ADV_ML_NEW_DIVCLK
--------------------------------------------------------------------------------
Slack: 15.000ns (period - (min high pulse limit / (high pulse / period)))
  Period: 20.000ns
  High pulse: 10.000ns
  High pulse limit: 2.500ns (Tdcmpw_CLKIN_50_100)
  Physical resource: clknetwork/pll_base_inst/PLL_ADV/CLKIN1
  Logical resource: clknetwork/pll_base_inst/PLL_ADV/CLKIN1
  Location pin: PLL_ADV_X0Y0.CLKIN1
  Clock network: clknetwork/pll_base_inst/PLL_ADV_ML_NEW_DIVCLK
--------------------------------------------------------------------------------
Slack: 17.780ns (period - min period limit)
  Period: 20.000ns
  Min period limit: 2.220ns (450.450MHz) (Tpllper_CLKIN(Finmax))
  Physical resource: clknetwork/pll_base_inst/PLL_ADV/CLKIN1
  Logical resource: clknetwork/pll_base_inst/PLL_ADV/CLKIN1
  Location pin: PLL_ADV_X0Y0.CLKIN1
  Clock network: clknetwork/pll_base_inst/PLL_ADV_ML_NEW_DIVCLK
--------------------------------------------------------------------------------

================================================================================
Timing constraint: TS_clknetwork_clkout0 = PERIOD TIMEGRP "clknetwork_clkout0" 
TS_PER_CLK50 HIGH         50%;
For more information, see Period Analysis in the Timing Closure User Guide (UG612).

 275 paths analyzed, 93 endpoints analyzed, 0 failing endpoints
 0 timing errors detected. (0 setup errors, 0 hold errors, 0 component switching limit errors)
 Minimum period is   2.666ns.
--------------------------------------------------------------------------------

Paths for end point cnt_21 (SLICE_X8Y36.CIN), 20 paths
--------------------------------------------------------------------------------
Slack (setup path):     17.556ns (requirement - (data path - clock path skew + uncertainty))
  Source:               cnt_0 (FF)
  Destination:          cnt_21 (FF)
  Requirement:          20.000ns
  Data Path Delay:      2.277ns (Levels of Logic = 6)
  Clock Path Skew:      -0.033ns (0.712 - 0.745)
  Source Clock:         CLK_50 rising at 0.000ns
  Destination Clock:    CLK_50 rising at 20.000ns
  Clock Uncertainty:    0.134ns

  Clock Uncertainty:          0.134ns  ((TSJ^2 + DJ^2)^1/2) / 2 + PE
    Total System Jitter (TSJ):  0.070ns
    Discrete Jitter (DJ):       0.258ns
    Phase Error (PE):           0.000ns

  Maximum Data Path at Slow Process Corner: cnt_0 to cnt_21
    Location             Delay type         Delay(ns)  Physical Resource
                                                       Logical Resource(s)
    -------------------------------------------------  -------------------
    SLICE_X8Y31.AQ       Tcko                  0.525   cnt<3>
                                                       cnt_0
    SLICE_X8Y31.A5       net (fanout=1)        0.456   cnt<0>
    SLICE_X8Y31.COUT     Topcya                0.474   cnt<3>
                                                       Mcount_cnt_lut<0>_INV_0
                                                       Mcount_cnt_cy<3>
    SLICE_X8Y32.CIN      net (fanout=1)        0.135   Mcount_cnt_cy<3>
    SLICE_X8Y32.COUT     Tbyp                  0.093   cnt<7>
                                                       Mcount_cnt_cy<7>
    SLICE_X8Y33.CIN      net (fanout=1)        0.003   Mcount_cnt_cy<7>
    SLICE_X8Y33.COUT     Tbyp                  0.093   cnt<11>
                                                       Mcount_cnt_cy<11>
    SLICE_X8Y34.CIN      net (fanout=1)        0.003   Mcount_cnt_cy<11>
    SLICE_X8Y34.COUT     Tbyp                  0.093   cnt<15>
                                                       Mcount_cnt_cy<15>
    SLICE_X8Y35.CIN      net (fanout=1)        0.003   Mcount_cnt_cy<15>
    SLICE_X8Y35.COUT     Tbyp                  0.093   cnt<19>
                                                       Mcount_cnt_cy<19>
    SLICE_X8Y36.CIN      net (fanout=1)        0.003   Mcount_cnt_cy<19>
    SLICE_X8Y36.CLK      Tcinck                0.303   cnt<21>
                                                       Mcount_cnt_xor<21>
                                                       cnt_21
    -------------------------------------------------  ---------------------------
    Total                                      2.277ns (1.674ns logic, 0.603ns route)
                                                       (73.5% logic, 26.5% route)

--------------------------------------------------------------------------------
Slack (setup path):     17.726ns (requirement - (data path - clock path skew + uncertainty))
  Source:               cnt_3 (FF)
  Destination:          cnt_21 (FF)
  Requirement:          20.000ns
  Data Path Delay:      2.107ns (Levels of Logic = 6)
  Clock Path Skew:      -0.033ns (0.712 - 0.745)
  Source Clock:         CLK_50 rising at 0.000ns
  Destination Clock:    CLK_50 rising at 20.000ns
  Clock Uncertainty:    0.134ns

  Clock Uncertainty:          0.134ns  ((TSJ^2 + DJ^2)^1/2) / 2 + PE
    Total System Jitter (TSJ):  0.070ns
    Discrete Jitter (DJ):       0.258ns
    Phase Error (PE):           0.000ns

  Maximum Data Path at Slow Process Corner: cnt_3 to cnt_21
    Location             Delay type         Delay(ns)  Physical Resource
                                                       Logical Resource(s)
    -------------------------------------------------  -------------------
    SLICE_X8Y31.DQ       Tcko                  0.525   cnt<3>
                                                       cnt_3
    SLICE_X8Y31.D5       net (fanout=1)        0.448   cnt<3>
    SLICE_X8Y31.COUT     Topcyd                0.312   cnt<3>
                                                       cnt<3>_rt
                                                       Mcount_cnt_cy<3>
    SLICE_X8Y32.CIN      net (fanout=1)        0.135   Mcount_cnt_cy<3>
    SLICE_X8Y32.COUT     Tbyp                  0.093   cnt<7>
                                                       Mcount_cnt_cy<7>
    SLICE_X8Y33.CIN      net (fanout=1)        0.003   Mcount_cnt_cy<7>
    SLICE_X8Y33.COUT     Tbyp                  0.093   cnt<11>
                                                       Mcount_cnt_cy<11>
    SLICE_X8Y34.CIN      net (fanout=1)        0.003   Mcount_cnt_cy<11>
    SLICE_X8Y34.COUT     Tbyp                  0.093   cnt<15>
                                                       Mcount_cnt_cy<15>
    SLICE_X8Y35.CIN      net (fanout=1)        0.003   Mcount_cnt_cy<15>
    SLICE_X8Y35.COUT     Tbyp                  0.093   cnt<19>
                                                       Mcount_cnt_cy<19>
    SLICE_X8Y36.CIN      net (fanout=1)        0.003   Mcount_cnt_cy<19>
    SLICE_X8Y36.CLK      Tcinck                0.303   cnt<21>
                                                       Mcount_cnt_xor<21>
                                                       cnt_21
    -------------------------------------------------  ---------------------------
    Total                                      2.107ns (1.512ns logic, 0.595ns route)
                                                       (71.8% logic, 28.2% route)

--------------------------------------------------------------------------------
Slack (setup path):     17.788ns (requirement - (data path - clock path skew + uncertainty))
  Source:               cnt_1 (FF)
  Destination:          cnt_21 (FF)
  Requirement:          20.000ns
  Data Path Delay:      2.045ns (Levels of Logic = 6)
  Clock Path Skew:      -0.033ns (0.712 - 0.745)
  Source Clock:         CLK_50 rising at 0.000ns
  Destination Clock:    CLK_50 rising at 20.000ns
  Clock Uncertainty:    0.134ns

  Clock Uncertainty:          0.134ns  ((TSJ^2 + DJ^2)^1/2) / 2 + PE
    Total System Jitter (TSJ):  0.070ns
    Discrete Jitter (DJ):       0.258ns
    Phase Error (PE):           0.000ns

  Maximum Data Path at Slow Process Corner: cnt_1 to cnt_21
    Location             Delay type         Delay(ns)  Physical Resource
                                                       Logical Resource(s)
    -------------------------------------------------  -------------------
    SLICE_X8Y31.BQ       Tcko                  0.525   cnt<3>
                                                       cnt_1
    SLICE_X8Y31.B5       net (fanout=1)        0.215   cnt<1>
    SLICE_X8Y31.COUT     Topcyb                0.483   cnt<3>
                                                       cnt<1>_rt
                                                       Mcount_cnt_cy<3>
    SLICE_X8Y32.CIN      net (fanout=1)        0.135   Mcount_cnt_cy<3>
    SLICE_X8Y32.COUT     Tbyp                  0.093   cnt<7>
                                                       Mcount_cnt_cy<7>
    SLICE_X8Y33.CIN      net (fanout=1)        0.003   Mcount_cnt_cy<7>
    SLICE_X8Y33.COUT     Tbyp                  0.093   cnt<11>
                                                       Mcount_cnt_cy<11>
    SLICE_X8Y34.CIN      net (fanout=1)        0.003   Mcount_cnt_cy<11>
    SLICE_X8Y34.COUT     Tbyp                  0.093   cnt<15>
                                                       Mcount_cnt_cy<15>
    SLICE_X8Y35.CIN      net (fanout=1)        0.003   Mcount_cnt_cy<15>
    SLICE_X8Y35.COUT     Tbyp                  0.093   cnt<19>
                                                       Mcount_cnt_cy<19>
    SLICE_X8Y36.CIN      net (fanout=1)        0.003   Mcount_cnt_cy<19>
    SLICE_X8Y36.CLK      Tcinck                0.303   cnt<21>
                                                       Mcount_cnt_xor<21>
                                                       cnt_21
    -------------------------------------------------  ---------------------------
    Total                                      2.045ns (1.683ns logic, 0.362ns route)
                                                       (82.3% logic, 17.7% route)

--------------------------------------------------------------------------------

Paths for end point cnt_19 (SLICE_X8Y35.CIN), 16 paths
--------------------------------------------------------------------------------
Slack (setup path):     17.644ns (requirement - (data path - clock path skew + uncertainty))
  Source:               cnt_0 (FF)
  Destination:          cnt_19 (FF)
  Requirement:          20.000ns
  Data Path Delay:      2.191ns (Levels of Logic = 5)
  Clock Path Skew:      -0.031ns (0.714 - 0.745)
  Source Clock:         CLK_50 rising at 0.000ns
  Destination Clock:    CLK_50 rising at 20.000ns
  Clock Uncertainty:    0.134ns

  Clock Uncertainty:          0.134ns  ((TSJ^2 + DJ^2)^1/2) / 2 + PE
    Total System Jitter (TSJ):  0.070ns
    Discrete Jitter (DJ):       0.258ns
    Phase Error (PE):           0.000ns

  Maximum Data Path at Slow Process Corner: cnt_0 to cnt_19
    Location             Delay type         Delay(ns)  Physical Resource
                                                       Logical Resource(s)
    -------------------------------------------------  -------------------
    SLICE_X8Y31.AQ       Tcko                  0.525   cnt<3>
                                                       cnt_0
    SLICE_X8Y31.A5       net (fanout=1)        0.456   cnt<0>
    SLICE_X8Y31.COUT     Topcya                0.474   cnt<3>
                                                       Mcount_cnt_lut<0>_INV_0
                                                       Mcount_cnt_cy<3>
    SLICE_X8Y32.CIN      net (fanout=1)        0.135   Mcount_cnt_cy<3>
    SLICE_X8Y32.COUT     Tbyp                  0.093   cnt<7>
                                                       Mcount_cnt_cy<7>
    SLICE_X8Y33.CIN      net (fanout=1)        0.003   Mcount_cnt_cy<7>
    SLICE_X8Y33.COUT     Tbyp                  0.093   cnt<11>
                                                       Mcount_cnt_cy<11>
    SLICE_X8Y34.CIN      net (fanout=1)        0.003   Mcount_cnt_cy<11>
    SLICE_X8Y34.COUT     Tbyp                  0.093   cnt<15>
                                                       Mcount_cnt_cy<15>
    SLICE_X8Y35.CIN      net (fanout=1)        0.003   Mcount_cnt_cy<15>
    SLICE_X8Y35.CLK      Tcinck                0.313   cnt<19>
                                                       Mcount_cnt_cy<19>
                                                       cnt_19
    -------------------------------------------------  ---------------------------
    Total                                      2.191ns (1.591ns logic, 0.600ns route)
                                                       (72.6% logic, 27.4% route)

--------------------------------------------------------------------------------
Slack (setup path):     17.814ns (requirement - (data path - clock path skew + uncertainty))
  Source:               cnt_3 (FF)
  Destination:          cnt_19 (FF)
  Requirement:          20.000ns
  Data Path Delay:      2.021ns (Levels of Logic = 5)
  Clock Path Skew:      -0.031ns (0.714 - 0.745)
  Source Clock:         CLK_50 rising at 0.000ns
  Destination Clock:    CLK_50 rising at 20.000ns
  Clock Uncertainty:    0.134ns

  Clock Uncertainty:          0.134ns  ((TSJ^2 + DJ^2)^1/2) / 2 + PE
    Total System Jitter (TSJ):  0.070ns
    Discrete Jitter (DJ):       0.258ns
    Phase Error (PE):           0.000ns

  Maximum Data Path at Slow Process Corner: cnt_3 to cnt_19
    Location             Delay type         Delay(ns)  Physical Resource
                                                       Logical Resource(s)
    -------------------------------------------------  -------------------
    SLICE_X8Y31.DQ       Tcko                  0.525   cnt<3>
                                                       cnt_3
    SLICE_X8Y31.D5       net (fanout=1)        0.448   cnt<3>
    SLICE_X8Y31.COUT     Topcyd                0.312   cnt<3>
                                                       cnt<3>_rt
                                                       Mcount_cnt_cy<3>
    SLICE_X8Y32.CIN      net (fanout=1)        0.135   Mcount_cnt_cy<3>
    SLICE_X8Y32.COUT     Tbyp                  0.093   cnt<7>
                                                       Mcount_cnt_cy<7>
    SLICE_X8Y33.CIN      net (fanout=1)        0.003   Mcount_cnt_cy<7>
    SLICE_X8Y33.COUT     Tbyp                  0.093   cnt<11>
                                                       Mcount_cnt_cy<11>
    SLICE_X8Y34.CIN      net (fanout=1)        0.003   Mcount_cnt_cy<11>
    SLICE_X8Y34.COUT     Tbyp                  0.093   cnt<15>
                                                       Mcount_cnt_cy<15>
    SLICE_X8Y35.CIN      net (fanout=1)        0.003   Mcount_cnt_cy<15>
    SLICE_X8Y35.CLK      Tcinck                0.313   cnt<19>
                                                       Mcount_cnt_cy<19>
                                                       cnt_19
    -------------------------------------------------  ---------------------------
    Total                                      2.021ns (1.429ns logic, 0.592ns route)
                                                       (70.7% logic, 29.3% route)

--------------------------------------------------------------------------------
Slack (setup path):     17.876ns (requirement - (data path - clock path skew + uncertainty))
  Source:               cnt_1 (FF)
  Destination:          cnt_19 (FF)
  Requirement:          20.000ns
  Data Path Delay:      1.959ns (Levels of Logic = 5)
  Clock Path Skew:      -0.031ns (0.714 - 0.745)
  Source Clock:         CLK_50 rising at 0.000ns
  Destination Clock:    CLK_50 rising at 20.000ns
  Clock Uncertainty:    0.134ns

  Clock Uncertainty:          0.134ns  ((TSJ^2 + DJ^2)^1/2) / 2 + PE
    Total System Jitter (TSJ):  0.070ns
    Discrete Jitter (DJ):       0.258ns
    Phase Error (PE):           0.000ns

  Maximum Data Path at Slow Process Corner: cnt_1 to cnt_19
    Location             Delay type         Delay(ns)  Physical Resource
                                                       Logical Resource(s)
    -------------------------------------------------  -------------------
    SLICE_X8Y31.BQ       Tcko                  0.525   cnt<3>
                                                       cnt_1
    SLICE_X8Y31.B5       net (fanout=1)        0.215   cnt<1>
    SLICE_X8Y31.COUT     Topcyb                0.483   cnt<3>
                                                       cnt<1>_rt
                                                       Mcount_cnt_cy<3>
    SLICE_X8Y32.CIN      net (fanout=1)        0.135   Mcount_cnt_cy<3>
    SLICE_X8Y32.COUT     Tbyp                  0.093   cnt<7>
                                                       Mcount_cnt_cy<7>
    SLICE_X8Y33.CIN      net (fanout=1)        0.003   Mcount_cnt_cy<7>
    SLICE_X8Y33.COUT     Tbyp                  0.093   cnt<11>
                                                       Mcount_cnt_cy<11>
    SLICE_X8Y34.CIN      net (fanout=1)        0.003   Mcount_cnt_cy<11>
    SLICE_X8Y34.COUT     Tbyp                  0.093   cnt<15>
                                                       Mcount_cnt_cy<15>
    SLICE_X8Y35.CIN      net (fanout=1)        0.003   Mcount_cnt_cy<15>
    SLICE_X8Y35.CLK      Tcinck                0.313   cnt<19>
                                                       Mcount_cnt_cy<19>
                                                       cnt_19
    -------------------------------------------------  ---------------------------
    Total                                      1.959ns (1.600ns logic, 0.359ns route)
                                                       (81.7% logic, 18.3% route)

--------------------------------------------------------------------------------

Paths for end point cnt_20 (SLICE_X8Y36.CIN), 20 paths
--------------------------------------------------------------------------------
Slack (setup path):     17.646ns (requirement - (data path - clock path skew + uncertainty))
  Source:               cnt_0 (FF)
  Destination:          cnt_20 (FF)
  Requirement:          20.000ns
  Data Path Delay:      2.187ns (Levels of Logic = 6)
  Clock Path Skew:      -0.033ns (0.712 - 0.745)
  Source Clock:         CLK_50 rising at 0.000ns
  Destination Clock:    CLK_50 rising at 20.000ns
  Clock Uncertainty:    0.134ns

  Clock Uncertainty:          0.134ns  ((TSJ^2 + DJ^2)^1/2) / 2 + PE
    Total System Jitter (TSJ):  0.070ns
    Discrete Jitter (DJ):       0.258ns
    Phase Error (PE):           0.000ns

  Maximum Data Path at Slow Process Corner: cnt_0 to cnt_20
    Location             Delay type         Delay(ns)  Physical Resource
                                                       Logical Resource(s)
    -------------------------------------------------  -------------------
    SLICE_X8Y31.AQ       Tcko                  0.525   cnt<3>
                                                       cnt_0
    SLICE_X8Y31.A5       net (fanout=1)        0.456   cnt<0>
    SLICE_X8Y31.COUT     Topcya                0.474   cnt<3>
                                                       Mcount_cnt_lut<0>_INV_0
                                                       Mcount_cnt_cy<3>
    SLICE_X8Y32.CIN      net (fanout=1)        0.135   Mcount_cnt_cy<3>
    SLICE_X8Y32.COUT     Tbyp                  0.093   cnt<7>
                                                       Mcount_cnt_cy<7>
    SLICE_X8Y33.CIN      net (fanout=1)        0.003   Mcount_cnt_cy<7>
    SLICE_X8Y33.COUT     Tbyp                  0.093   cnt<11>
                                                       Mcount_cnt_cy<11>
    SLICE_X8Y34.CIN      net (fanout=1)        0.003   Mcount_cnt_cy<11>
    SLICE_X8Y34.COUT     Tbyp                  0.093   cnt<15>
                                                       Mcount_cnt_cy<15>
    SLICE_X8Y35.CIN      net (fanout=1)        0.003   Mcount_cnt_cy<15>
    SLICE_X8Y35.COUT     Tbyp                  0.093   cnt<19>
                                                       Mcount_cnt_cy<19>
    SLICE_X8Y36.CIN      net (fanout=1)        0.003   Mcount_cnt_cy<19>
    SLICE_X8Y36.CLK      Tcinck                0.213   cnt<21>
                                                       Mcount_cnt_xor<21>
                                                       cnt_20
    -------------------------------------------------  ---------------------------
    Total                                      2.187ns (1.584ns logic, 0.603ns route)
                                                       (72.4% logic, 27.6% route)

--------------------------------------------------------------------------------
Slack (setup path):     17.816ns (requirement - (data path - clock path skew + uncertainty))
  Source:               cnt_3 (FF)
  Destination:          cnt_20 (FF)
  Requirement:          20.000ns
  Data Path Delay:      2.017ns (Levels of Logic = 6)
  Clock Path Skew:      -0.033ns (0.712 - 0.745)
  Source Clock:         CLK_50 rising at 0.000ns
  Destination Clock:    CLK_50 rising at 20.000ns
  Clock Uncertainty:    0.134ns

  Clock Uncertainty:          0.134ns  ((TSJ^2 + DJ^2)^1/2) / 2 + PE
    Total System Jitter (TSJ):  0.070ns
    Discrete Jitter (DJ):       0.258ns
    Phase Error (PE):           0.000ns

  Maximum Data Path at Slow Process Corner: cnt_3 to cnt_20
    Location             Delay type         Delay(ns)  Physical Resource
                                                       Logical Resource(s)
    -------------------------------------------------  -------------------
    SLICE_X8Y31.DQ       Tcko                  0.525   cnt<3>
                                                       cnt_3
    SLICE_X8Y31.D5       net (fanout=1)        0.448   cnt<3>
    SLICE_X8Y31.COUT     Topcyd                0.312   cnt<3>
                                                       cnt<3>_rt
                                                       Mcount_cnt_cy<3>
    SLICE_X8Y32.CIN      net (fanout=1)        0.135   Mcount_cnt_cy<3>
    SLICE_X8Y32.COUT     Tbyp                  0.093   cnt<7>
                                                       Mcount_cnt_cy<7>
    SLICE_X8Y33.CIN      net (fanout=1)        0.003   Mcount_cnt_cy<7>
    SLICE_X8Y33.COUT     Tbyp                  0.093   cnt<11>
                                                       Mcount_cnt_cy<11>
    SLICE_X8Y34.CIN      net (fanout=1)        0.003   Mcount_cnt_cy<11>
    SLICE_X8Y34.COUT     Tbyp                  0.093   cnt<15>
                                                       Mcount_cnt_cy<15>
    SLICE_X8Y35.CIN      net (fanout=1)        0.003   Mcount_cnt_cy<15>
    SLICE_X8Y35.COUT     Tbyp                  0.093   cnt<19>
                                                       Mcount_cnt_cy<19>
    SLICE_X8Y36.CIN      net (fanout=1)        0.003   Mcount_cnt_cy<19>
    SLICE_X8Y36.CLK      Tcinck                0.213   cnt<21>
                                                       Mcount_cnt_xor<21>
                                                       cnt_20
    -------------------------------------------------  ---------------------------
    Total                                      2.017ns (1.422ns logic, 0.595ns route)
                                                       (70.5% logic, 29.5% route)

--------------------------------------------------------------------------------
Slack (setup path):     17.878ns (requirement - (data path - clock path skew + uncertainty))
  Source:               cnt_1 (FF)
  Destination:          cnt_20 (FF)
  Requirement:          20.000ns
  Data Path Delay:      1.955ns (Levels of Logic = 6)
  Clock Path Skew:      -0.033ns (0.712 - 0.745)
  Source Clock:         CLK_50 rising at 0.000ns
  Destination Clock:    CLK_50 rising at 20.000ns
  Clock Uncertainty:    0.134ns

  Clock Uncertainty:          0.134ns  ((TSJ^2 + DJ^2)^1/2) / 2 + PE
    Total System Jitter (TSJ):  0.070ns
    Discrete Jitter (DJ):       0.258ns
    Phase Error (PE):           0.000ns

  Maximum Data Path at Slow Process Corner: cnt_1 to cnt_20
    Location             Delay type         Delay(ns)  Physical Resource
                                                       Logical Resource(s)
    -------------------------------------------------  -------------------
    SLICE_X8Y31.BQ       Tcko                  0.525   cnt<3>
                                                       cnt_1
    SLICE_X8Y31.B5       net (fanout=1)        0.215   cnt<1>
    SLICE_X8Y31.COUT     Topcyb                0.483   cnt<3>
                                                       cnt<1>_rt
                                                       Mcount_cnt_cy<3>
    SLICE_X8Y32.CIN      net (fanout=1)        0.135   Mcount_cnt_cy<3>
    SLICE_X8Y32.COUT     Tbyp                  0.093   cnt<7>
                                                       Mcount_cnt_cy<7>
    SLICE_X8Y33.CIN      net (fanout=1)        0.003   Mcount_cnt_cy<7>
    SLICE_X8Y33.COUT     Tbyp                  0.093   cnt<11>
                                                       Mcount_cnt_cy<11>
    SLICE_X8Y34.CIN      net (fanout=1)        0.003   Mcount_cnt_cy<11>
    SLICE_X8Y34.COUT     Tbyp                  0.093   cnt<15>
                                                       Mcount_cnt_cy<15>
    SLICE_X8Y35.CIN      net (fanout=1)        0.003   Mcount_cnt_cy<15>
    SLICE_X8Y35.COUT     Tbyp                  0.093   cnt<19>
                                                       Mcount_cnt_cy<19>
    SLICE_X8Y36.CIN      net (fanout=1)        0.003   Mcount_cnt_cy<19>
    SLICE_X8Y36.CLK      Tcinck                0.213   cnt<21>
                                                       Mcount_cnt_xor<21>
                                                       cnt_20
    -------------------------------------------------  ---------------------------
    Total                                      1.955ns (1.593ns logic, 0.362ns route)
                                                       (81.5% logic, 18.5% route)

--------------------------------------------------------------------------------

Hold Paths: TS_clknetwork_clkout0 = PERIOD TIMEGRP "clknetwork_clkout0" TS_PER_CLK50 HIGH
        50%;
--------------------------------------------------------------------------------

Paths for end point cnt_16 (SLICE_X8Y35.SR), 1 path
--------------------------------------------------------------------------------
Slack (hold path):      0.414ns (requirement - (clock path skew + uncertainty - data path))
  Source:               cnt_21 (FF)
  Destination:          cnt_16 (FF)
  Requirement:          0.000ns
  Data Path Delay:      0.418ns (Levels of Logic = 0)
  Clock Path Skew:      0.004ns (0.041 - 0.037)
  Source Clock:         CLK_50 rising at 20.000ns
  Destination Clock:    CLK_50 rising at 20.000ns
  Clock Uncertainty:    0.000ns

  Minimum Data Path at Fast Process Corner: cnt_21 to cnt_16
    Location             Delay type         Delay(ns)  Physical Resource
                                                       Logical Resource(s)
    -------------------------------------------------  -------------------
    SLICE_X8Y36.BQ       Tcko                  0.234   cnt<21>
                                                       cnt_21
    SLICE_X8Y35.SR       net (fanout=10)       0.166   cnt<21>
    SLICE_X8Y35.CLK      Tcksr       (-Th)    -0.018   cnt<19>
                                                       cnt_16
    -------------------------------------------------  ---------------------------
    Total                                      0.418ns (0.252ns logic, 0.166ns route)
                                                       (60.3% logic, 39.7% route)

--------------------------------------------------------------------------------

Paths for end point cnt_19 (SLICE_X8Y35.SR), 1 path
--------------------------------------------------------------------------------
Slack (hold path):      0.423ns (requirement - (clock path skew + uncertainty - data path))
  Source:               cnt_21 (FF)
  Destination:          cnt_19 (FF)
  Requirement:          0.000ns
  Data Path Delay:      0.427ns (Levels of Logic = 0)
  Clock Path Skew:      0.004ns (0.041 - 0.037)
  Source Clock:         CLK_50 rising at 20.000ns
  Destination Clock:    CLK_50 rising at 20.000ns
  Clock Uncertainty:    0.000ns

  Minimum Data Path at Fast Process Corner: cnt_21 to cnt_19
    Location             Delay type         Delay(ns)  Physical Resource
                                                       Logical Resource(s)
    -------------------------------------------------  -------------------
    SLICE_X8Y36.BQ       Tcko                  0.234   cnt<21>
                                                       cnt_21
    SLICE_X8Y35.SR       net (fanout=10)       0.166   cnt<21>
    SLICE_X8Y35.CLK      Tcksr       (-Th)    -0.027   cnt<19>
                                                       cnt_19
    -------------------------------------------------  ---------------------------
    Total                                      0.427ns (0.261ns logic, 0.166ns route)
                                                       (61.1% logic, 38.9% route)

--------------------------------------------------------------------------------

Paths for end point cnt_18 (SLICE_X8Y35.SR), 1 path
--------------------------------------------------------------------------------
Slack (hold path):      0.424ns (requirement - (clock path skew + uncertainty - data path))
  Source:               cnt_21 (FF)
  Destination:          cnt_18 (FF)
  Requirement:          0.000ns
  Data Path Delay:      0.428ns (Levels of Logic = 0)
  Clock Path Skew:      0.004ns (0.041 - 0.037)
  Source Clock:         CLK_50 rising at 20.000ns
  Destination Clock:    CLK_50 rising at 20.000ns
  Clock Uncertainty:    0.000ns

  Minimum Data Path at Fast Process Corner: cnt_21 to cnt_18
    Location             Delay type         Delay(ns)  Physical Resource
                                                       Logical Resource(s)
    -------------------------------------------------  -------------------
    SLICE_X8Y36.BQ       Tcko                  0.234   cnt<21>
                                                       cnt_21
    SLICE_X8Y35.SR       net (fanout=10)       0.166   cnt<21>
    SLICE_X8Y35.CLK      Tcksr       (-Th)    -0.028   cnt<19>
                                                       cnt_18
    -------------------------------------------------  ---------------------------
    Total                                      0.428ns (0.262ns logic, 0.166ns route)
                                                       (61.2% logic, 38.8% route)

--------------------------------------------------------------------------------

Component Switching Limit Checks: TS_clknetwork_clkout0 = PERIOD TIMEGRP "clknetwork_clkout0" TS_PER_CLK50 HIGH
        50%;
--------------------------------------------------------------------------------
Slack: 17.334ns (period - min period limit)
  Period: 20.000ns
  Min period limit: 2.666ns (375.094MHz) (Tbcper_I)
  Physical resource: clknetwork/clkout1_buf/I0
  Logical resource: clknetwork/clkout1_buf/I0
  Location pin: BUFGMUX_X3Y13.I0
  Clock network: clknetwork/clkout0
--------------------------------------------------------------------------------
Slack: 19.520ns (period - min period limit)
  Period: 20.000ns
  Min period limit: 0.480ns (2083.333MHz) (Tcp)
  Physical resource: cnt<3>/CLK
  Logical resource: cnt_0/CK
  Location pin: SLICE_X8Y31.CLK
  Clock network: CLK_50
--------------------------------------------------------------------------------
Slack: 19.520ns (period - min period limit)
  Period: 20.000ns
  Min period limit: 0.480ns (2083.333MHz) (Tcp)
  Physical resource: cnt<3>/CLK
  Logical resource: cnt_1/CK
  Location pin: SLICE_X8Y31.CLK
  Clock network: CLK_50
--------------------------------------------------------------------------------


Derived Constraint Report
Derived Constraints for TS_PER_CLK50
+-------------------------------+-------------+-------------+-------------+-------------+-------------+-------------+-------------+
|                               |   Period    |       Actual Period       |      Timing Errors        |      Paths Analyzed       |
|           Constraint          | Requirement |-------------+-------------|-------------+-------------|-------------+-------------|
|                               |             |   Direct    | Derivative  |   Direct    | Derivative  |   Direct    | Derivative  |
+-------------------------------+-------------+-------------+-------------+-------------+-------------+-------------+-------------+
|TS_PER_CLK50                   |     20.000ns|      5.000ns|      2.666ns|            0|            0|            0|          275|
| TS_clknetwork_clkout0         |     20.000ns|      2.666ns|          N/A|            0|            0|          275|            0|
+-------------------------------+-------------+-------------+-------------+-------------+-------------+-------------+-------------+

All constraints were met.


Data Sheet report:
-----------------
All values displayed in nanoseconds (ns)

Clock to Setup on destination clock iCLK_50
---------------+---------+---------+---------+---------+
               | Src:Rise| Src:Fall| Src:Rise| Src:Fall|
Source Clock   |Dest:Rise|Dest:Rise|Dest:Fall|Dest:Fall|
---------------+---------+---------+---------+---------+
iCLK_50        |    2.444|         |         |         |
---------------+---------+---------+---------+---------+


Timing summary:
---------------

Timing errors: 0  Score: 0  (Setup/Max: 0, Hold: 0)

Constraints cover 275 paths, 0 nets, and 45 connections

Design statistics:
   Minimum period:   5.000ns{1}   (Maximum frequency: 200.000MHz)


------------------------------------Footnotes-----------------------------------
1)  The minimum period statistic assumes all single cycle delays.

Analysis completed Tue Mar 24 13:18:47 2015 
--------------------------------------------------------------------------------

Trace Settings:
-------------------------
Trace Settings 

Peak Memory Usage: 214 MB



